(8, 4):P:50
(8, 3):1:49
(8, 2):N:48
(8, 3):1:47
(8, 4):P:50
(8, 3):1:49
(8, 2):N:48
(9, 2):N:47
(9, 1):1:46
(8, 1):1:45
(7, 1):N:44
(8, 1):1:43
(8, 2):N:42
(8, 3):1:41
(8, 4):P:50
(8, 5):1:49
(8, 6):1:48
(8, 7):1:47
(9, 7):N:46
(9, 8):1:45
(9, 9):N:44
(9, 10):1:43
(10, 10):N:42
(10, 9):1:41
(9, 9):N:40
(9, 8):1:39
(8, 8):1:38
(7, 8):N:37
(7, 9):1:36
(7, 10):1:35
(6, 10):C:34
(6, 9):1:33
(6, 8):1:32
(6, 7):N:31
(6, 6):1:30
(6, 5):1:29
(5, 5):2:27
(4, 5):CC:26
(4, 6):1:25
(4, 7):1:24
(3, 7):N:23
(3, 8):1:22
(3, 9):2:20
(4, 9):CN:19
(3, 9):2:17
(2, 9):1:16
(1, 9):N:15
(2, 9):1:14
(3, 9):2:12
(4, 9):CN:11
(4, 8):1:10
(4, 7):1:9
(5, 7):2:7
(6, 7):N:6
(7, 7):1:5
(8, 7):1:4
(8, 6):1:3
(8, 5):1:2
(8, 4):P:50
(8, 3):1:49
(8, 2):N:48
(8, 1):1:47
(7, 1):N:46
(6, 1):1:45
(5, 1):1:44
(4, 1):1:43
(3, 1):1:42
(2, 1):1:41
(1, 1):N:40
(1, 2):1:39
(2, 2):C:38
(2, 3):1:37
(1, 3):1:36
(1, 4):1:35
(1, 5):1:34
(1, 6):1:33
(1, 7):1:32
(2, 7):1:31
(3, 7):N:30
(3, 6):1:29
(3, 5):2:27
(4, 5):CC:26
(4, 6):1:25
(4, 7):1:24
(4, 8):1:23
(4, 9):CN:22
(4, 10):2:20
(3, 10):2:18
(2, 10):C:17
(2, 9):1:16
(2, 8):1:15
(2, 7):1:14
(3, 7):N:13
(3, 6):1:12
(3, 5):2:10
(4, 5):CC:9
(5, 5):2:7
(6, 5):1:6
(6, 6):1:5
(6, 7):N:4
(7, 7):1:3
(8, 7):1:2
(8, 6):1:1
(8, 5):1:0
(8, 4):P:50
