(8, 4):P:50
(8, 3):1:49
(8, 2):N:48
(8, 3):1:47
(8, 4):P:50
(8, 3):1:49
(8, 2):N:48
(9, 2):N:47
(9, 1):1:46
(8, 1):1:45
(7, 1):N:44
(8, 1):1:43
(8, 2):N:42
(8, 3):1:41
(8, 4):P:50
(8, 5):1:49
(8, 6):1:48
(8, 7):1:47
(8, 8):1:46
(7, 8):N:45
(7, 9):1:44
(8, 9):1:43
(9, 9):N:42
(9, 10):1:41
(10, 10):N:40
(10, 9):1:39
(10, 8):1:38
(10, 7):1:37
(9, 7):N:36
(9, 6):1:35
(9, 5):1:34
(9, 4):1:33
(8, 4):P:50
(8, 5):1:49
(8, 6):1:48
(8, 7):1:47
(7, 7):1:46
(6, 7):N:45
(5, 7):2:43
(4, 7):1:42
(3, 7):N:41
(3, 8):1:40
(3, 9):2:38
(2, 9):1:37
(1, 9):N:36
(2, 9):1:35
(3, 9):2:33
(4, 9):CN:32
(4, 8):1:31
(4, 7):1:30
(3, 7):N:29
(2, 7):1:28
(1, 7):1:27
(1, 6):1:26
(1, 5):1:25
(1, 4):1:24
(1, 3):1:23
(1, 2):1:22
(1, 1):N:21
(1, 2):1:20
(1, 3):1:19
(1, 4):1:18
(1, 5):1:17
(1, 6):1:16
(1, 7):1:15
(1, 8):1:14
(1, 9):N:13
(2, 9):1:12
(3, 9):2:10
(4, 9):CN:9
(5, 9):2:7
(6, 9):1:6
(7, 9):1:5
(8, 9):1:4
(8, 8):1:3
(8, 7):1:2
(8, 6):1:1
(8, 5):1:0
(8, 4):P:50
